apps 2022-08-24 10:11:03,037 - INFO     - [app.py:45] - Backend server start at 2022-08-24 10:11:03.037601
apps 2022-08-24 10:11:04,552 - INFO     - [app.py:45] - Backend server start at 2022-08-24 10:11:04.552459
apps 2022-08-24 10:11:41,953 - INFO     - [app.py:46] - Backend server start at 2022-08-24 10:11:41.953161
apps 2022-08-24 10:11:42,070 - INFO     - [app.py:46] - Backend server start at 2022-08-24 10:11:42.070834
apps 2022-08-24 10:11:44,174 - INFO     - [app.py:45] - Backend server start at 2022-08-24 10:11:44.174288
apps 2022-08-24 10:11:46,009 - INFO     - [app.py:45] - Backend server start at 2022-08-24 10:11:46.009057
apps 2022-08-24 03:17:31,819 - INFO     - [app.py:45] - Backend server start at 2022-08-24 03:17:31.819048
apps 2022-08-24 03:17:32,701 - INFO     - [app.py:45] - Backend server start at 2022-08-24 03:17:32.701219
apps 2022-08-24 10:20:27,611 - INFO     - [app.py:47] - Backend server start at 2022-08-24 10:20:27.611026
apps 2022-08-24 10:20:29,188 - INFO     - [app.py:47] - Backend server start at 2022-08-24 10:20:29.188792
apps 2022-08-24 11:02:21,912 - INFO     - [app.py:47] - Backend server start at 2022-08-24 11:02:21.911948
apps 2022-08-24 11:02:25,995 - INFO     - [app.py:47] - Backend server start at 2022-08-24 11:02:25.995035
apps 2022-08-24 11:03:00,277 - INFO     - [middleware.py:18] - Request path=<> Request host=<%s>, params=<%s>, body=<%s>
apps 2022-08-24 11:03:11,286 - INFO     - [app.py:47] - Backend server start at 2022-08-24 11:03:11.286022
apps 2022-08-24 11:04:55,108 - INFO     - [middleware.py:18] - <Request 'http://localhost:5001/country' [GET]>
apps 2022-08-24 11:12:29,774 - INFO     - [middleware.py:18] - <Request 'http://localhost:5001/country' [POST]>
apps 2022-08-24 11:14:33,899 - INFO     - [app.py:47] - Backend server start at 2022-08-24 11:14:33.899625
apps 2022-08-24 11:35:02,039 - INFO     - [app.py:47] - Backend server start at 2022-08-24 11:35:02.039118
apps 2022-08-24 11:35:06,318 - INFO     - [app.py:47] - Backend server start at 2022-08-24 11:35:06.317812
apps 2022-08-24 11:37:53,571 - INFO     - [app.py:47] - Backend server start at 2022-08-24 11:37:53.571319
apps 2022-08-24 11:37:56,341 - INFO     - [app.py:47] - Backend server start at 2022-08-24 11:37:56.341730
apps 2022-08-24 13:41:43,543 - INFO     - [main.py:47] - Backend server start at 2022-08-24 13:41:43.542907
apps 2022-08-24 13:41:45,590 - INFO     - [main.py:47] - Backend server start at 2022-08-24 13:41:45.590682
apps 2022-08-24 13:45:33,278 - INFO     - [main.py:47] - Backend server start at 2022-08-24 13:45:33.278609
apps 2022-08-24 13:46:49,715 - INFO     - [main.py:48] - Backend server start at 2022-08-24 13:46:49.715435
apps 2022-08-24 13:47:06,676 - INFO     - [main.py:49] - Backend server start at 2022-08-24 13:47:06.676184
apps 2022-08-24 13:50:04,149 - INFO     - [main.py:49] - Backend server start at 2022-08-24 13:50:04.148920
apps 2022-08-24 13:54:20,167 - INFO     - [main.py:47] - Backend server start at 2022-08-24 13:54:20.167045
apps 2022-08-24 13:54:32,003 - INFO     - [main.py:47] - Backend server start at 2022-08-24 13:54:32.002927
apps 2022-08-24 13:54:52,545 - INFO     - [main.py:46] - Backend server start at 2022-08-24 13:54:52.545785
apps 2022-08-24 13:58:45,592 - INFO     - [main.py:46] - Backend server start at 2022-08-24 13:58:45.592383
apps 2022-08-24 13:58:47,019 - INFO     - [main.py:46] - Backend server start at 2022-08-24 13:58:47.019674
apps 2022-08-24 13:59:01,827 - INFO     - [main.py:47] - Backend server start at 2022-08-24 13:59:01.827015
apps 2022-08-24 14:00:26,816 - INFO     - [main.py:47] - Backend server start at 2022-08-24 14:00:26.815942
apps 2022-08-24 14:00:34,424 - INFO     - [main.py:47] - Backend server start at 2022-08-24 14:00:34.424857
apps 2022-08-24 14:01:21,000 - INFO     - [main.py:47] - Backend server start at 2022-08-24 14:01:21.000163
apps 2022-08-24 14:02:30,842 - INFO     - [main.py:47] - Backend server start at 2022-08-24 14:02:30.842676
apps 2022-08-24 14:06:45,242 - INFO     - [main.py:31] - Backend server start at 2022-08-24 14:06:45.242194
apps 2022-08-24 14:06:46,877 - INFO     - [main.py:31] - Backend server start at 2022-08-24 14:06:46.877764
apps 2022-08-24 14:09:09,377 - INFO     - [main.py:31] - Backend server start at 2022-08-24 14:09:09.377649
apps 2022-08-24 14:09:11,062 - INFO     - [main.py:31] - Backend server start at 2022-08-24 14:09:11.062743
apps 2022-08-24 14:09:26,144 - INFO     - [main.py:31] - Backend server start at 2022-08-24 14:09:26.144856
apps 2022-08-24 14:10:50,766 - INFO     - [main.py:31] - Backend server start at 2022-08-24 14:10:50.766581
apps 2022-08-24 14:11:04,364 - INFO     - [main.py:31] - Backend server start at 2022-08-24 14:11:04.364424
apps 2022-08-24 14:11:11,411 - INFO     - [main.py:31] - Backend server start at 2022-08-24 14:11:11.411169
apps 2022-08-24 14:14:45,227 - INFO     - [main.py:31] - Backend server start at 2022-08-24 14:14:45.227318
apps 2022-08-24 14:16:10,806 - INFO     - [main.py:31] - Backend server start at 2022-08-24 14:16:10.806235
apps 2022-08-24 14:17:56,741 - INFO     - [main.py:31] - Backend server start at 2022-08-24 14:17:56.741480
apps 2022-08-24 14:17:59,114 - INFO     - [main.py:31] - Backend server start at 2022-08-24 14:17:59.114472
apps 2022-08-24 14:17:59,216 - INFO     - [middleware.py:18] - <Request 'http://localhost:5001/country' [POST]>
apps 2022-08-24 14:18:51,534 - INFO     - [middleware.py:18] - <Request 'http://localhost:5001/country/1/region' [POST]>
apps 2022-08-24 14:19:09,115 - INFO     - [middleware.py:18] - <Request 'http://localhost:5001/country/1/region' [POST]>
apps 2022-08-24 14:19:30,044 - INFO     - [middleware.py:18] - <Request 'http://localhost:5001/country/1/region' [POST]>
apps 2022-08-24 14:19:46,757 - INFO     - [middleware.py:18] - <Request 'http://localhost:5001/country' [GET]>
apps 2022-08-24 14:20:00,069 - INFO     - [middleware.py:18] - <Request 'http://localhost:5001/country/1/region' [GET]>
apps 2022-08-24 14:22:53,805 - INFO     - [main.py:31] - Backend server start at 2022-08-24 14:22:53.804992
apps 2022-08-24 14:24:15,771 - INFO     - [main.py:31] - Backend server start at 2022-08-24 14:24:15.771460
apps 2022-08-24 14:24:22,764 - INFO     - [main.py:31] - Backend server start at 2022-08-24 14:24:22.764500
apps 2022-08-24 07:26:56,937 - INFO     - [main.py:31] - Backend server start at 2022-08-24 07:26:56.937768
apps 2022-08-24 07:26:57,579 - INFO     - [main.py:31] - Backend server start at 2022-08-24 07:26:57.579892
apps 2022-08-24 07:32:22,653 - INFO     - [main.py:31] - Backend server start at 2022-08-24 07:32:22.653370
apps 2022-08-24 07:32:23,552 - INFO     - [main.py:31] - Backend server start at 2022-08-24 07:32:23.552519
apps 2022-08-24 07:35:39,003 - INFO     - [main.py:31] - Backend server start at 2022-08-24 07:35:39.003906
apps 2022-08-24 07:35:40,482 - INFO     - [main.py:31] - Backend server start at 2022-08-24 07:35:40.482912
apps 2022-08-24 14:36:35,730 - INFO     - [main.py:31] - Backend server start at 2022-08-24 14:36:35.729988
apps 2022-08-24 14:36:37,531 - INFO     - [main.py:31] - Backend server start at 2022-08-24 14:36:37.531280
apps 2022-08-24 14:38:28,338 - INFO     - [main.py:31] - Backend server start at 2022-08-24 14:38:28.338255
apps 2022-08-24 14:38:29,728 - INFO     - [main.py:31] - Backend server start at 2022-08-24 14:38:29.728732
apps 2022-08-24 14:39:00,616 - INFO     - [middleware.py:18] - <Request 'http://localhost:5001/country' [POST]>
apps 2022-08-24 14:39:19,939 - INFO     - [main.py:31] - Backend server start at 2022-08-24 14:39:19.939357
apps 2022-08-24 14:39:21,438 - INFO     - [main.py:31] - Backend server start at 2022-08-24 14:39:21.438381
apps 2022-08-24 14:39:29,004 - INFO     - [middleware.py:18] - <Request 'http://localhost:5001/country' [GET]>
apps 2022-08-24 14:39:29,849 - INFO     - [middleware.py:18] - <Request 'http://localhost:5001/country' [GET]>
apps 2022-08-24 14:40:25,716 - INFO     - [middleware.py:18] - <Request 'http://localhost:5001/country/1/region' [GET]>
apps 2022-08-24 14:43:12,384 - INFO     - [main.py:31] - Backend server start at 2022-08-24 14:43:12.384161
apps 2022-08-24 14:45:18,260 - INFO     - [main.py:31] - Backend server start at 2022-08-24 14:45:18.260108
apps 2022-08-24 14:50:20,966 - INFO     - [main.py:33] - Backend server start at 2022-08-24 14:50:20.965991
apps 2022-08-24 14:50:22,558 - INFO     - [main.py:33] - Backend server start at 2022-08-24 14:50:22.557948
apps 2022-08-24 14:50:24,684 - INFO     - [middleware.py:18] - <Request 'http://localhost:5001/init_data' [POST]>
apps 2022-08-24 14:50:56,553 - INFO     - [main.py:33] - Backend server start at 2022-08-24 14:50:56.553106
apps 2022-08-24 14:50:59,906 - INFO     - [main.py:33] - Backend server start at 2022-08-24 14:50:59.906211
apps 2022-08-24 14:51:02,505 - INFO     - [middleware.py:18] - <Request 'http://localhost:5001/init_data' [POST]>
apps 2022-08-24 14:53:18,849 - INFO     - [main.py:33] - Backend server start at 2022-08-24 14:53:18.849621
apps 2022-08-24 15:04:13,284 - INFO     - [main.py:33] - Backend server start at 2022-08-24 15:04:13.284013
apps 2022-08-24 15:04:14,946 - INFO     - [main.py:33] - Backend server start at 2022-08-24 15:04:14.945923
apps 2022-08-24 15:04:21,753 - INFO     - [main.py:33] - Backend server start at 2022-08-24 15:04:21.753800
apps 2022-08-24 15:04:21,933 - INFO     - [middleware.py:18] - <Request 'http://localhost:5001/init_data' [POST]>
apps 2022-08-24 15:05:40,397 - INFO     - [main.py:33] - Backend server start at 2022-08-24 15:05:40.396810
apps 2022-08-24 15:05:42,551 - INFO     - [main.py:33] - Backend server start at 2022-08-24 15:05:42.551128
apps 2022-08-24 15:05:42,627 - INFO     - [middleware.py:18] - <Request 'http://localhost:5001/init_data' [POST]>
apps 2022-08-24 15:13:59,724 - INFO     - [main.py:36] - Backend server start at 2022-08-24 15:13:59.724010
apps 2022-08-24 15:14:01,869 - INFO     - [main.py:36] - Backend server start at 2022-08-24 15:14:01.869389
apps 2022-08-24 15:15:06,520 - INFO     - [main.py:36] - Backend server start at 2022-08-24 15:15:06.520485
apps 2022-08-24 15:15:08,254 - INFO     - [main.py:36] - Backend server start at 2022-08-24 15:15:08.253859
apps 2022-08-24 15:15:08,312 - INFO     - [middleware.py:18] - <Request 'http://localhost:5001/init_data' [POST]>
apps 2022-08-24 15:15:56,338 - INFO     - [main.py:36] - Backend server start at 2022-08-24 15:15:56.338225
apps 2022-08-24 15:15:57,661 - INFO     - [main.py:36] - Backend server start at 2022-08-24 15:15:57.660988
apps 2022-08-24 15:16:05,166 - INFO     - [main.py:36] - Backend server start at 2022-08-24 15:16:05.166824
apps 2022-08-24 15:16:07,085 - INFO     - [main.py:36] - Backend server start at 2022-08-24 15:16:07.085499
apps 2022-08-24 15:16:08,706 - INFO     - [middleware.py:18] - <Request 'http://localhost:5001/country' [POST]>
apps 2022-08-24 15:16:19,040 - INFO     - [middleware.py:18] - <Request 'http://localhost:5001/country' [POST]>
apps 2022-08-24 15:16:37,636 - INFO     - [main.py:36] - Backend server start at 2022-08-24 15:16:37.636247
apps 2022-08-24 15:16:39,087 - INFO     - [main.py:36] - Backend server start at 2022-08-24 15:16:39.087546
apps 2022-08-24 15:16:40,580 - INFO     - [middleware.py:18] - <Request 'http://localhost:5001/country' [POST]>
apps 2022-08-24 15:20:23,137 - INFO     - [main.py:34] - Backend server start at 2022-08-24 15:20:23.137115
apps 2022-08-24 15:20:24,456 - INFO     - [main.py:34] - Backend server start at 2022-08-24 15:20:24.456422
apps 2022-08-24 15:20:33,910 - INFO     - [middleware.py:18] - <Request 'http://localhost:5001/country' [POST]>
apps 2022-08-24 15:20:57,496 - INFO     - [main.py:34] - Backend server start at 2022-08-24 15:20:57.496752
apps 2022-08-24 15:20:59,254 - INFO     - [main.py:34] - Backend server start at 2022-08-24 15:20:59.254259
apps 2022-08-24 15:20:59,481 - INFO     - [middleware.py:18] - <Request 'http://localhost:5001/country' [POST]>
apps 2022-08-24 15:21:07,793 - WARNING  - [error_handler.py:18] - <{'error_description': '(psycopg2.errors.UniqueViolation) duplicate key value violates unique constraint "country_country_key"\nDETAIL:  Key (country)=(Russia) already exists.\n'}>
apps 2022-08-24 15:21:20,488 - INFO     - [main.py:34] - Backend server start at 2022-08-24 15:21:20.487949
apps 2022-08-24 15:21:22,043 - INFO     - [main.py:34] - Backend server start at 2022-08-24 15:21:22.043896
apps 2022-08-24 15:21:23,909 - INFO     - [middleware.py:18] - <Request 'http://localhost:5001/country' [POST]>
apps 2022-08-24 15:22:21,306 - INFO     - [main.py:34] - Backend server start at 2022-08-24 15:22:21.306518
apps 2022-08-24 15:22:23,154 - INFO     - [main.py:34] - Backend server start at 2022-08-24 15:22:23.154009
apps 2022-08-24 15:22:25,011 - INFO     - [middleware.py:18] - <Request 'http://localhost:5001/country' [POST]>
apps 2022-08-24 15:22:27,950 - WARNING  - [error_handler.py:16] - <(psycopg2.errors.UniqueViolation) duplicate key value violates unique constraint "country_country_key"
DETAIL:  Key (country)=(Russia) already exists.
>
apps 2022-08-24 15:22:45,875 - INFO     - [middleware.py:18] - <Request 'http://localhost:5001/country' [POST]>
apps 2022-08-24 15:23:03,948 - WARNING  - [error_handler.py:16] - <(psycopg2.errors.UniqueViolation) duplicate key value violates unique constraint "country_country_key"
DETAIL:  Key (country)=(Russia) already exists.
>
apps 2022-08-24 15:23:08,163 - INFO     - [middleware.py:18] - <Request 'http://localhost:5001/init_data' [POST]>
apps 2022-08-24 15:23:49,201 - INFO     - [middleware.py:18] - <Request 'http://localhost:5001/country' [GET]>
apps 2022-08-24 15:24:21,649 - INFO     - [middleware.py:18] - <Request 'http://localhost:5001/init_data' [POST]>
apps 2022-08-24 15:25:36,209 - INFO     - [main.py:34] - Backend server start at 2022-08-24 15:25:36.209669
apps 2022-08-24 15:25:36,270 - INFO     - [middleware.py:18] - <Request 'http://localhost:5001/init_data' [POST]>
apps 2022-08-24 15:25:39,707 - WARNING  - [error_handler.py:16] - <(psycopg2.errors.NumericValueOutOfRange) integer out of range
>
apps 2022-08-24 15:25:57,901 - INFO     - [middleware.py:18] - <Request 'http://localhost:5001/init_data' [POST]>
apps 2022-08-24 15:28:29,988 - INFO     - [main.py:34] - Backend server start at 2022-08-24 15:28:29.988026
apps 2022-08-24 15:28:30,080 - INFO     - [middleware.py:18] - <Request 'http://localhost:5001/init_data' [POST]>
apps 2022-08-24 15:36:30,155 - INFO     - [main.py:34] - Backend server start at 2022-08-24 15:36:30.155558
apps 2022-08-24 15:36:53,456 - INFO     - [main.py:34] - Backend server start at 2022-08-24 15:36:53.456658
apps 2022-08-24 15:37:13,380 - INFO     - [main.py:34] - Backend server start at 2022-08-24 15:37:13.380505
apps 2022-08-24 15:37:21,917 - INFO     - [main.py:34] - Backend server start at 2022-08-24 15:37:21.917124
apps 2022-08-24 15:37:38,007 - INFO     - [main.py:34] - Backend server start at 2022-08-24 15:37:38.007642
apps 2022-08-24 15:38:13,793 - INFO     - [main.py:34] - Backend server start at 2022-08-24 15:38:13.793370
apps 2022-08-24 15:38:15,227 - INFO     - [main.py:34] - Backend server start at 2022-08-24 15:38:15.227269
apps 2022-08-24 15:39:06,892 - INFO     - [main.py:34] - Backend server start at 2022-08-24 15:39:06.892228
apps 2022-08-24 15:39:08,212 - INFO     - [main.py:34] - Backend server start at 2022-08-24 15:39:08.211928
apps 2022-08-24 15:39:30,278 - INFO     - [middleware.py:18] - <Request 'http://localhost:5001/init_data' [POST]>
apps 2022-08-24 15:39:39,607 - INFO     - [middleware.py:18] - <Request 'http://localhost:5001/country' [GET]>
apps 2022-08-24 15:40:48,417 - INFO     - [main.py:34] - Backend server start at 2022-08-24 15:40:48.417076
apps 2022-08-24 15:47:05,925 - INFO     - [main.py:34] - Backend server start at 2022-08-24 15:47:05.925529
apps 2022-08-24 15:47:08,400 - INFO     - [main.py:34] - Backend server start at 2022-08-24 15:47:08.400112
apps 2022-08-24 15:47:08,464 - INFO     - [middleware.py:18] - <Request 'http://localhost:5001/country' [POST]>
apps 2022-08-24 15:54:04,317 - INFO     - [main.py:34] - Backend server start at 2022-08-24 15:54:04.317244
apps 2022-08-24 16:00:42,341 - INFO     - [main.py:35] - Backend server start at 2022-08-24 16:00:42.341457
apps 2022-08-24 16:00:44,013 - INFO     - [main.py:35] - Backend server start at 2022-08-24 16:00:44.013298
apps 2022-08-24 16:00:51,463 - INFO     - [middleware.py:18] - <Request 'http://localhost:5001/country/search?q=Aus' [GET]>
apps 2022-08-24 16:00:56,562 - INFO     - [middleware.py:18] - <Request 'http://localhost:5001/countries/search?q=Aus' [GET]>
apps 2022-08-24 16:05:37,297 - INFO     - [main.py:35] - Backend server start at 2022-08-24 16:05:37.297104
apps 2022-08-24 16:05:38,785 - INFO     - [main.py:35] - Backend server start at 2022-08-24 16:05:38.785851
apps 2022-08-24 16:05:38,848 - INFO     - [middleware.py:18] - <Request 'http://localhost:5001/countries/search?q=Aus' [GET]>
apps 2022-08-24 16:06:10,004 - INFO     - [main.py:35] - Backend server start at 2022-08-24 16:06:10.004231
apps 2022-08-24 16:06:11,779 - INFO     - [main.py:35] - Backend server start at 2022-08-24 16:06:11.779762
apps 2022-08-24 16:06:37,983 - INFO     - [main.py:35] - Backend server start at 2022-08-24 16:06:37.983428
apps 2022-08-24 16:06:39,387 - INFO     - [main.py:35] - Backend server start at 2022-08-24 16:06:39.387319
apps 2022-08-24 16:06:39,447 - INFO     - [middleware.py:18] - <Request 'http://localhost:5001/countries/search?q=Aus' [GET]>
apps 2022-08-24 16:07:28,603 - INFO     - [main.py:35] - Backend server start at 2022-08-24 16:07:28.603342
apps 2022-08-24 16:07:30,240 - INFO     - [main.py:35] - Backend server start at 2022-08-24 16:07:30.240405
apps 2022-08-24 16:07:32,239 - INFO     - [middleware.py:18] - <Request 'http://localhost:5001/countries/search?q=Aus' [GET]>
apps 2022-08-24 16:09:56,479 - INFO     - [main.py:35] - Backend server start at 2022-08-24 16:09:56.479736
apps 2022-08-24 16:09:58,208 - INFO     - [main.py:35] - Backend server start at 2022-08-24 16:09:58.208185
apps 2022-08-24 16:10:02,191 - INFO     - [middleware.py:18] - <Request 'http://localhost:5001/countries/search?q=Aus' [GET]>
apps 2022-08-24 16:10:18,484 - INFO     - [main.py:35] - Backend server start at 2022-08-24 16:10:18.484272
apps 2022-08-24 16:10:19,985 - INFO     - [main.py:35] - Backend server start at 2022-08-24 16:10:19.985493
apps 2022-08-24 16:10:22,287 - INFO     - [middleware.py:18] - <Request 'http://localhost:5001/countries/search?q=Aus' [GET]>
apps 2022-08-24 16:12:13,816 - INFO     - [main.py:35] - Backend server start at 2022-08-24 16:12:13.816659
apps 2022-08-24 16:12:43,689 - INFO     - [main.py:35] - Backend server start at 2022-08-24 16:12:43.688960
apps 2022-08-24 16:12:45,409 - INFO     - [main.py:35] - Backend server start at 2022-08-24 16:12:45.409064
apps 2022-08-24 16:12:45,831 - INFO     - [middleware.py:18] - <Request 'http://localhost:5001/countries/search?q=Aus' [GET]>
apps 2022-08-24 16:15:28,127 - INFO     - [main.py:35] - Backend server start at 2022-08-24 16:15:28.127389
apps 2022-08-24 16:15:30,377 - INFO     - [middleware.py:18] - <Request 'http://localhost:5001/countries/search?q=Aus,%20Ru' [GET]>
apps 2022-08-24 16:15:41,547 - INFO     - [main.py:35] - Backend server start at 2022-08-24 16:15:41.547222
apps 2022-08-24 16:15:43,407 - INFO     - [main.py:35] - Backend server start at 2022-08-24 16:15:43.407599
apps 2022-08-24 16:15:43,473 - INFO     - [middleware.py:18] - <Request 'http://localhost:5001/countries/search?q=Aus,%20Ru' [GET]>
apps 2022-08-24 16:16:07,641 - INFO     - [middleware.py:18] - <Request 'http://localhost:5001/countries/search?q=Aus' [GET]>
apps 2022-08-24 16:19:52,809 - INFO     - [middleware.py:18] - <Request 'http://localhost:5001/countries/search?q=R' [GET]>
apps 2022-08-24 16:20:10,099 - INFO     - [middleware.py:18] - <Request 'http://localhost:5001/countries/search?q=Rus' [GET]>
apps 2022-08-24 16:20:59,747 - INFO     - [middleware.py:18] - <Request 'http://localhost:5001/country/145' [DELETE]>
apps 2022-08-24 16:21:06,921 - WARNING  - [error_handler.py:16] - <(psycopg2.ProgrammingError) can't adapt type 'builtin_function_or_method'>
apps 2022-08-24 16:24:06,865 - INFO     - [main.py:35] - Backend server start at 2022-08-24 16:24:06.865323
apps 2022-08-24 16:24:12,299 - INFO     - [middleware.py:18] - <Request 'http://localhost:5001/country/1/region' [GET]>
apps 2022-08-24 16:24:19,391 - INFO     - [middleware.py:18] - <Request 'http://localhost:5001/country/145/region' [GET]>
apps 2022-08-24 16:27:50,141 - INFO     - [main.py:33] - Backend server start at 2022-08-24 16:27:50.140966
apps 2022-08-24 16:27:52,219 - INFO     - [main.py:33] - Backend server start at 2022-08-24 16:27:52.219246
apps 2022-08-24 16:27:53,057 - INFO     - [middleware.py:18] - <Request 'http://localhost:5001/country' [POST]>
apps 2022-08-24 16:27:59,009 - INFO     - [middleware.py:18] - <Request 'http://localhost:5001/country' [POST]>
apps 2022-08-24 16:28:06,671 - INFO     - [middleware.py:18] - <Request 'http://localhost:5001/countries' [POST]>
apps 2022-08-24 16:28:08,907 - WARNING  - [error_handler.py:16] - <(psycopg2.errors.UniqueViolation) duplicate key value violates unique constraint "country_country_key"
DETAIL:  Key (country)=(Russia) already exists.
>
apps 2022-08-24 16:28:14,937 - INFO     - [middleware.py:18] - <Request 'http://localhost:5001/country/145' [DELETE]>
apps 2022-08-24 16:28:14,944 - WARNING  - [error_handler.py:16] - <get_or_404() got an unexpected keyword argument 'id'>
apps 2022-08-24 16:28:39,769 - INFO     - [main.py:33] - Backend server start at 2022-08-24 16:28:39.768914
apps 2022-08-24 16:28:42,030 - INFO     - [main.py:33] - Backend server start at 2022-08-24 16:28:42.030335
apps 2022-08-24 16:29:18,860 - INFO     - [main.py:33] - Backend server start at 2022-08-24 16:29:18.860714
apps 2022-08-24 16:29:31,058 - INFO     - [main.py:33] - Backend server start at 2022-08-24 16:29:31.058869
apps 2022-08-24 16:29:32,425 - INFO     - [main.py:33] - Backend server start at 2022-08-24 16:29:32.425636
apps 2022-08-24 16:29:33,155 - INFO     - [middleware.py:18] - <Request 'http://localhost:5001/country/145' [DELETE]>
apps 2022-08-24 16:29:35,965 - WARNING  - [error_handler.py:16] - <(psycopg2.errors.ForeignKeyViolation) update or delete on table "country" violates foreign key constraint "region_country_id_fkey" on table "region"
DETAIL:  Key (id)=(145) is still referenced from table "region".
>
apps 2022-08-24 16:36:42,723 - INFO     - [main.py:34] - Backend server start at 2022-08-24 16:36:42.723636
apps 2022-08-24 16:36:44,146 - INFO     - [main.py:34] - Backend server start at 2022-08-24 16:36:44.146095
apps 2022-08-24 16:36:44,352 - INFO     - [middleware.py:18] - <Request 'http://localhost:5001/country/145' [GET]>
apps 2022-08-24 16:37:48,258 - INFO     - [main.py:34] - Backend server start at 2022-08-24 16:37:48.258124
apps 2022-08-24 16:41:11,702 - INFO     - [main.py:34] - Backend server start at 2022-08-24 16:41:11.702353
apps 2022-08-24 16:46:53,458 - INFO     - [main.py:34] - Backend server start at 2022-08-24 16:46:53.458820
apps 2022-08-24 16:49:52,461 - INFO     - [main.py:34] - Backend server start at 2022-08-24 16:49:52.461516
apps 2022-08-24 16:50:13,659 - INFO     - [main.py:34] - Backend server start at 2022-08-24 16:50:13.659516
apps 2022-08-24 16:50:15,448 - INFO     - [main.py:34] - Backend server start at 2022-08-24 16:50:15.448441
apps 2022-08-24 16:50:20,779 - INFO     - [main.py:34] - Backend server start at 2022-08-24 16:50:20.779449
apps 2022-08-24 16:50:35,636 - INFO     - [middleware.py:18] - <Request 'http://localhost:5001/init_data' [POST]>
apps 2022-08-24 16:53:56,991 - INFO     - [middleware.py:18] - <Request 'http://localhost:5001/init_data' [POST]>
apps 2022-08-24 16:54:58,339 - INFO     - [middleware.py:18] - <Request 'http://localhost:5001/init_data' [POST]>
apps 2022-08-24 16:55:58,932 - INFO     - [middleware.py:18] - <Request 'http://localhost:5001/countries/search?q=MS%20Zaandam' [GET]>
apps 2022-08-24 16:59:49,822 - WARNING  - [error_handler.py:14] - <(psycopg2.errors.UniqueViolation) duplicate key value violates unique constraint "country_country_key"
DETAIL:  Key (country)=(MS Zaandam) already exists.
>
apps 2022-08-24 16:59:49,831 - WARNING  - [error_handler.py:14] - <(psycopg2.errors.UniqueViolation) duplicate key value violates unique constraint "country_country_key"
DETAIL:  Key (country)=(Afghanistan) already exists.
>
apps 2022-08-24 17:02:50,891 - INFO     - [main.py:34] - Backend server start at 2022-08-24 17:02:50.891243
apps 2022-08-24 17:10:40,646 - INFO     - [main.py:34] - Backend server start at 2022-08-24 17:10:40.646264
apps 2022-08-24 17:10:42,437 - INFO     - [main.py:34] - Backend server start at 2022-08-24 17:10:42.437083
apps 2022-08-24 17:11:04,496 - INFO     - [middleware.py:18] - <Request 'http://localhost:5001/' [GET]>
apps 2022-08-24 17:11:04,600 - INFO     - [middleware.py:18] - <Request 'http://localhost:5001/swaggerui/droid-sans.css' [GET]>
apps 2022-08-24 17:11:04,602 - INFO     - [middleware.py:18] - <Request 'http://localhost:5001/swaggerui/swagger-ui.css' [GET]>
apps 2022-08-24 17:11:04,603 - INFO     - [middleware.py:18] - <Request 'http://localhost:5001/swaggerui/swagger-ui-bundle.js' [GET]>
apps 2022-08-24 17:11:04,604 - INFO     - [middleware.py:18] - <Request 'http://localhost:5001/swaggerui/swagger-ui-standalone-preset.js' [GET]>
apps 2022-08-24 17:11:04,860 - INFO     - [middleware.py:18] - <Request 'http://localhost:5001/swaggerui/favicon-16x16.png' [GET]>
apps 2022-08-24 17:11:04,879 - INFO     - [middleware.py:18] - <Request 'http://localhost:5001/swagger.json' [GET]>
apps 2022-08-24 17:12:14,748 - INFO     - [main.py:34] - Backend server start at 2022-08-24 17:12:14.747928
apps 2022-08-24 17:12:23,320 - INFO     - [main.py:34] - Backend server start at 2022-08-24 17:12:23.319949
apps 2022-08-24 17:12:38,604 - INFO     - [main.py:34] - Backend server start at 2022-08-24 17:12:38.604494
apps 2022-08-24 17:12:40,653 - INFO     - [main.py:34] - Backend server start at 2022-08-24 17:12:40.653368
apps 2022-08-24 17:12:41,689 - INFO     - [middleware.py:18] - <Request 'http://localhost:5001/' [GET]>
apps 2022-08-24 17:12:41,986 - INFO     - [middleware.py:18] - <Request 'http://localhost:5001/swaggerui/droid-sans.css' [GET]>
apps 2022-08-24 17:12:42,012 - INFO     - [middleware.py:18] - <Request 'http://localhost:5001/swaggerui/swagger-ui.css' [GET]>
apps 2022-08-24 17:12:42,020 - INFO     - [middleware.py:18] - <Request 'http://localhost:5001/swaggerui/swagger-ui-bundle.js' [GET]>
apps 2022-08-24 17:12:42,032 - INFO     - [middleware.py:18] - <Request 'http://localhost:5001/swaggerui/swagger-ui-standalone-preset.js' [GET]>
apps 2022-08-24 17:12:42,352 - INFO     - [middleware.py:18] - <Request 'http://localhost:5001/swagger.json' [GET]>
